<?xml version="1.0" encoding="UTF-8"?>
<testsuite xmlns:xsi="http://www.w3.org/2001/XMLSchema-instance" xsi:noNamespaceSchemaLocation="https://maven.apache.org/surefire/maven-surefire-plugin/xsd/surefire-test-report-3.0.xsd" version="3.0" name="TestSuite" time="50.021" tests="2" errors="0" skipped="0" failures="1">
  <properties>
    <property name="gopherProxySet" value="false"/>
    <property name="awt.toolkit" value="sun.lwawt.macosx.LWCToolkit"/>
    <property name="file.encoding.pkg" value="sun.io"/>
    <property name="java.specification.version" value="1.8"/>
    <property name="sun.cpu.isalist" value=""/>
    <property name="sun.jnu.encoding" value="UTF-8"/>
    <property name="java.class.path" value="/Users/mlokare/eclipse-workspace/MyTheresaPOM/target/test-classes:/Users/mlokare/eclipse-workspace/MyTheresaPOM/target/classes:/Users/mlokare/.m2/repository/com/microsoft/playwright/playwright/1.23.0/playwright-1.23.0.jar:/Users/mlokare/.m2/repository/com/google/code/gson/gson/2.8.9/gson-2.8.9.jar:/Users/mlokare/.m2/repository/org/opentest4j/opentest4j/1.2.0/opentest4j-1.2.0.jar:/Users/mlokare/.m2/repository/com/microsoft/playwright/driver/1.23.0/driver-1.23.0.jar:/Users/mlokare/.m2/repository/com/microsoft/playwright/driver-bundle/1.23.0/driver-bundle-1.23.0.jar:/Users/mlokare/.m2/repository/org/testng/testng/6.14.3/testng-6.14.3.jar:/Users/mlokare/.m2/repository/com/beust/jcommander/1.72/jcommander-1.72.jar:/Users/mlokare/.m2/repository/org/apache-extras/beanshell/bsh/2.0b6/bsh-2.0b6.jar:/Users/mlokare/.m2/repository/io/cucumber/cucumber-java/6.9.0/cucumber-java-6.9.0.jar:/Users/mlokare/.m2/repository/io/cucumber/cucumber-core/6.9.0/cucumber-core-6.9.0.jar:/Users/mlokare/.m2/repository/io/cucumber/cucumber-gherkin/6.9.0/cucumber-gherkin-6.9.0.jar:/Users/mlokare/.m2/repository/io/cucumber/cucumber-gherkin-messages/6.9.0/cucumber-gherkin-messages-6.9.0.jar:/Users/mlokare/.m2/repository/io/cucumber/messages/13.2.0/messages-13.2.0.jar:/Users/mlokare/.m2/repository/io/cucumber/tag-expressions/3.0.0/tag-expressions-3.0.0.jar:/Users/mlokare/.m2/repository/io/cucumber/cucumber-expressions/10.3.0/cucumber-expressions-10.3.0.jar:/Users/mlokare/.m2/repository/io/cucumber/datatable/3.5.0/datatable-3.5.0.jar:/Users/mlokare/.m2/repository/io/cucumber/cucumber-plugin/6.9.0/cucumber-plugin-6.9.0.jar:/Users/mlokare/.m2/repository/io/cucumber/docstring/6.9.0/docstring-6.9.0.jar:/Users/mlokare/.m2/repository/io/cucumber/html-formatter/9.0.0/html-formatter-9.0.0.jar:/Users/mlokare/.m2/repository/io/cucumber/create-meta/2.0.4/create-meta-2.0.4.jar:/Users/mlokare/.m2/repository/org/apiguardian/apiguardian-api/1.1.0/apiguardian-api-1.1.0.jar:/Users/mlokare/.m2/repository/io/cucumber/cucumber-junit/6.9.0/cucumber-junit-6.9.0.jar:/Users/mlokare/.m2/repository/junit/junit/4.13.1/junit-4.13.1.jar:/Users/mlokare/.m2/repository/org/hamcrest/hamcrest-core/1.3/hamcrest-core-1.3.jar:/Users/mlokare/.m2/repository/org/projectlombok/lombok/1.18.20/lombok-1.18.20.jar:/Users/mlokare/.m2/repository/tech/grasshopper/extentreports-cucumber6-adapter/2.6.0/extentreports-cucumber6-adapter-2.6.0.jar:/Users/mlokare/.m2/repository/com/aventstack/extentreports/5.0.5/extentreports-5.0.5.jar:/Users/mlokare/.m2/repository/io/reactivex/rxjava3/rxjava/3.0.4/rxjava-3.0.4.jar:/Users/mlokare/.m2/repository/org/reactivestreams/reactive-streams/1.0.3/reactive-streams-1.0.3.jar:/Users/mlokare/.m2/repository/org/freemarker/freemarker/2.3.30/freemarker-2.3.30.jar:/Users/mlokare/.m2/repository/tech/grasshopper/extent-pdf-report/1.5.0/extent-pdf-report-1.5.0.jar:/Users/mlokare/.m2/repository/tech/grasshopper/cucumber-pdf-report/1.7.0/cucumber-pdf-report-1.7.0.jar:/Users/mlokare/.m2/repository/org/apache/pdfbox/pdfbox/2.0.21/pdfbox-2.0.21.jar:/Users/mlokare/.m2/repository/org/apache/pdfbox/fontbox/2.0.21/fontbox-2.0.21.jar:/Users/mlokare/.m2/repository/org/knowm/xchart/xchart/3.6.5/xchart-3.6.5.jar:/Users/mlokare/.m2/repository/de/erichseifert/vectorgraphics2d/VectorGraphics2D/0.13/VectorGraphics2D-0.13.jar:/Users/mlokare/.m2/repository/de/rototor/pdfbox/graphics2d/0.27/graphics2d-0.27.jar:/Users/mlokare/.m2/repository/com/madgag/animated-gif-lib/1.4/animated-gif-lib-1.4.jar:/Users/mlokare/.m2/repository/com/github/vandeseer/easytable/0.7.1/easytable-0.7.1.jar:/Users/mlokare/.m2/repository/com/github/ralfstuckert/pdfbox-layout/pdfbox2-layout/1.0.0/pdfbox2-layout-1.0.0.jar:/Users/mlokare/.m2/repository/org/yaml/snakeyaml/1.27/snakeyaml-1.27.jar:/Users/mlokare/.m2/repository/com/aventstack/klov-reporter/5.0.5/klov-reporter-5.0.5.jar:/Users/mlokare/.m2/repository/org/mongodb/bson/3.6.4/bson-3.6.4.jar:/Users/mlokare/.m2/repository/org/apache/httpcomponents/httpclient/4.5.2/httpclient-4.5.2.jar:/Users/mlokare/.m2/repository/org/apache/httpcomponents/httpcore/4.4.4/httpcore-4.4.4.jar:/Users/mlokare/.m2/repository/commons-logging/commons-logging/1.2/commons-logging-1.2.jar:/Users/mlokare/.m2/repository/org/apache/httpcomponents/httpmime/4.5.2/httpmime-4.5.2.jar:/Users/mlokare/.m2/repository/org/mongodb/mongodb-driver/3.3.0/mongodb-driver-3.3.0.jar:/Users/mlokare/.m2/repository/org/mongodb/mongodb-driver-core/3.3.0/mongodb-driver-core-3.3.0.jar:/Users/mlokare/.m2/repository/org/apache/poi/poi/4.1.2/poi-4.1.2.jar:/Users/mlokare/.m2/repository/commons-codec/commons-codec/1.13/commons-codec-1.13.jar:/Users/mlokare/.m2/repository/org/apache/commons/commons-collections4/4.4/commons-collections4-4.4.jar:/Users/mlokare/.m2/repository/org/apache/commons/commons-math3/3.6.1/commons-math3-3.6.1.jar:/Users/mlokare/.m2/repository/com/zaxxer/SparseBitSet/1.2/SparseBitSet-1.2.jar:/Users/mlokare/.m2/repository/org/apache/poi/poi-ooxml/4.1.2/poi-ooxml-4.1.2.jar:/Users/mlokare/.m2/repository/org/apache/poi/poi-ooxml-schemas/4.1.2/poi-ooxml-schemas-4.1.2.jar:/Users/mlokare/.m2/repository/org/apache/xmlbeans/xmlbeans/3.1.0/xmlbeans-3.1.0.jar:/Users/mlokare/.m2/repository/org/apache/commons/commons-compress/1.19/commons-compress-1.19.jar:/Users/mlokare/.m2/repository/com/github/virtuald/curvesapi/1.06/curvesapi-1.06.jar:/Users/mlokare/.m2/repository/io/cucumber/cucumber-testng/6.9.0/cucumber-testng-6.9.0.jar:"/>
    <property name="java.vm.vendor" value="Oracle Corporation"/>
    <property name="sun.arch.data.model" value="64"/>
    <property name="java.vendor.url" value="http://java.oracle.com/"/>
    <property name="user.timezone" value="Europe/Berlin"/>
    <property name="user.country.format" value="DE"/>
    <property name="java.vm.specification.version" value="1.8"/>
    <property name="os.name" value="Mac OS X"/>
    <property name="user.country" value="GB"/>
    <property name="sun.java.launcher" value="SUN_STANDARD"/>
    <property name="sun.boot.library.path" value="/Library/Java/JavaVirtualMachines/jdk1.8.0_291.jdk/Contents/Home/jre/lib"/>
    <property name="sun.java.command" value="/Users/mlokare/eclipse-workspace/MyTheresaPOM/target/surefire/surefirebooter4864189681261314712.jar /Users/mlokare/eclipse-workspace/MyTheresaPOM/target/surefire 2022-07-20T00-09-35_209-jvmRun1 surefire8036894492183156649tmp surefire_05779265363545732148tmp"/>
    <property name="http.nonProxyHosts" value="local|*.local|169.254/16|*.169.254/16"/>
    <property name="surefire.test.class.path" value="/Users/mlokare/eclipse-workspace/MyTheresaPOM/target/test-classes:/Users/mlokare/eclipse-workspace/MyTheresaPOM/target/classes:/Users/mlokare/.m2/repository/com/microsoft/playwright/playwright/1.23.0/playwright-1.23.0.jar:/Users/mlokare/.m2/repository/com/google/code/gson/gson/2.8.9/gson-2.8.9.jar:/Users/mlokare/.m2/repository/org/opentest4j/opentest4j/1.2.0/opentest4j-1.2.0.jar:/Users/mlokare/.m2/repository/com/microsoft/playwright/driver/1.23.0/driver-1.23.0.jar:/Users/mlokare/.m2/repository/com/microsoft/playwright/driver-bundle/1.23.0/driver-bundle-1.23.0.jar:/Users/mlokare/.m2/repository/org/testng/testng/6.14.3/testng-6.14.3.jar:/Users/mlokare/.m2/repository/com/beust/jcommander/1.72/jcommander-1.72.jar:/Users/mlokare/.m2/repository/org/apache-extras/beanshell/bsh/2.0b6/bsh-2.0b6.jar:/Users/mlokare/.m2/repository/io/cucumber/cucumber-java/6.9.0/cucumber-java-6.9.0.jar:/Users/mlokare/.m2/repository/io/cucumber/cucumber-core/6.9.0/cucumber-core-6.9.0.jar:/Users/mlokare/.m2/repository/io/cucumber/cucumber-gherkin/6.9.0/cucumber-gherkin-6.9.0.jar:/Users/mlokare/.m2/repository/io/cucumber/cucumber-gherkin-messages/6.9.0/cucumber-gherkin-messages-6.9.0.jar:/Users/mlokare/.m2/repository/io/cucumber/messages/13.2.0/messages-13.2.0.jar:/Users/mlokare/.m2/repository/io/cucumber/tag-expressions/3.0.0/tag-expressions-3.0.0.jar:/Users/mlokare/.m2/repository/io/cucumber/cucumber-expressions/10.3.0/cucumber-expressions-10.3.0.jar:/Users/mlokare/.m2/repository/io/cucumber/datatable/3.5.0/datatable-3.5.0.jar:/Users/mlokare/.m2/repository/io/cucumber/cucumber-plugin/6.9.0/cucumber-plugin-6.9.0.jar:/Users/mlokare/.m2/repository/io/cucumber/docstring/6.9.0/docstring-6.9.0.jar:/Users/mlokare/.m2/repository/io/cucumber/html-formatter/9.0.0/html-formatter-9.0.0.jar:/Users/mlokare/.m2/repository/io/cucumber/create-meta/2.0.4/create-meta-2.0.4.jar:/Users/mlokare/.m2/repository/org/apiguardian/apiguardian-api/1.1.0/apiguardian-api-1.1.0.jar:/Users/mlokare/.m2/repository/io/cucumber/cucumber-junit/6.9.0/cucumber-junit-6.9.0.jar:/Users/mlokare/.m2/repository/junit/junit/4.13.1/junit-4.13.1.jar:/Users/mlokare/.m2/repository/org/hamcrest/hamcrest-core/1.3/hamcrest-core-1.3.jar:/Users/mlokare/.m2/repository/org/projectlombok/lombok/1.18.20/lombok-1.18.20.jar:/Users/mlokare/.m2/repository/tech/grasshopper/extentreports-cucumber6-adapter/2.6.0/extentreports-cucumber6-adapter-2.6.0.jar:/Users/mlokare/.m2/repository/com/aventstack/extentreports/5.0.5/extentreports-5.0.5.jar:/Users/mlokare/.m2/repository/io/reactivex/rxjava3/rxjava/3.0.4/rxjava-3.0.4.jar:/Users/mlokare/.m2/repository/org/reactivestreams/reactive-streams/1.0.3/reactive-streams-1.0.3.jar:/Users/mlokare/.m2/repository/org/freemarker/freemarker/2.3.30/freemarker-2.3.30.jar:/Users/mlokare/.m2/repository/tech/grasshopper/extent-pdf-report/1.5.0/extent-pdf-report-1.5.0.jar:/Users/mlokare/.m2/repository/tech/grasshopper/cucumber-pdf-report/1.7.0/cucumber-pdf-report-1.7.0.jar:/Users/mlokare/.m2/repository/org/apache/pdfbox/pdfbox/2.0.21/pdfbox-2.0.21.jar:/Users/mlokare/.m2/repository/org/apache/pdfbox/fontbox/2.0.21/fontbox-2.0.21.jar:/Users/mlokare/.m2/repository/org/knowm/xchart/xchart/3.6.5/xchart-3.6.5.jar:/Users/mlokare/.m2/repository/de/erichseifert/vectorgraphics2d/VectorGraphics2D/0.13/VectorGraphics2D-0.13.jar:/Users/mlokare/.m2/repository/de/rototor/pdfbox/graphics2d/0.27/graphics2d-0.27.jar:/Users/mlokare/.m2/repository/com/madgag/animated-gif-lib/1.4/animated-gif-lib-1.4.jar:/Users/mlokare/.m2/repository/com/github/vandeseer/easytable/0.7.1/easytable-0.7.1.jar:/Users/mlokare/.m2/repository/com/github/ralfstuckert/pdfbox-layout/pdfbox2-layout/1.0.0/pdfbox2-layout-1.0.0.jar:/Users/mlokare/.m2/repository/org/yaml/snakeyaml/1.27/snakeyaml-1.27.jar:/Users/mlokare/.m2/repository/com/aventstack/klov-reporter/5.0.5/klov-reporter-5.0.5.jar:/Users/mlokare/.m2/repository/org/mongodb/bson/3.6.4/bson-3.6.4.jar:/Users/mlokare/.m2/repository/org/apache/httpcomponents/httpclient/4.5.2/httpclient-4.5.2.jar:/Users/mlokare/.m2/repository/org/apache/httpcomponents/httpcore/4.4.4/httpcore-4.4.4.jar:/Users/mlokare/.m2/repository/commons-logging/commons-logging/1.2/commons-logging-1.2.jar:/Users/mlokare/.m2/repository/org/apache/httpcomponents/httpmime/4.5.2/httpmime-4.5.2.jar:/Users/mlokare/.m2/repository/org/mongodb/mongodb-driver/3.3.0/mongodb-driver-3.3.0.jar:/Users/mlokare/.m2/repository/org/mongodb/mongodb-driver-core/3.3.0/mongodb-driver-core-3.3.0.jar:/Users/mlokare/.m2/repository/org/apache/poi/poi/4.1.2/poi-4.1.2.jar:/Users/mlokare/.m2/repository/commons-codec/commons-codec/1.13/commons-codec-1.13.jar:/Users/mlokare/.m2/repository/org/apache/commons/commons-collections4/4.4/commons-collections4-4.4.jar:/Users/mlokare/.m2/repository/org/apache/commons/commons-math3/3.6.1/commons-math3-3.6.1.jar:/Users/mlokare/.m2/repository/com/zaxxer/SparseBitSet/1.2/SparseBitSet-1.2.jar:/Users/mlokare/.m2/repository/org/apache/poi/poi-ooxml/4.1.2/poi-ooxml-4.1.2.jar:/Users/mlokare/.m2/repository/org/apache/poi/poi-ooxml-schemas/4.1.2/poi-ooxml-schemas-4.1.2.jar:/Users/mlokare/.m2/repository/org/apache/xmlbeans/xmlbeans/3.1.0/xmlbeans-3.1.0.jar:/Users/mlokare/.m2/repository/org/apache/commons/commons-compress/1.19/commons-compress-1.19.jar:/Users/mlokare/.m2/repository/com/github/virtuald/curvesapi/1.06/curvesapi-1.06.jar:/Users/mlokare/.m2/repository/io/cucumber/cucumber-testng/6.9.0/cucumber-testng-6.9.0.jar:"/>
    <property name="sun.cpu.endian" value="little"/>
    <property name="user.home" value="/Users/mlokare"/>
    <property name="user.language" value="en"/>
    <property name="java.specification.vendor" value="Oracle Corporation"/>
    <property name="java.home" value="/Library/Java/JavaVirtualMachines/jdk1.8.0_291.jdk/Contents/Home/jre"/>
    <property name="basedir" value="/Users/mlokare/eclipse-workspace/MyTheresaPOM"/>
    <property name="file.separator" value="/"/>
    <property name="line.separator" value="&#10;"/>
    <property name="java.vm.specification.vendor" value="Oracle Corporation"/>
    <property name="java.specification.name" value="Java Platform API Specification"/>
    <property name="java.awt.graphicsenv" value="sun.awt.CGraphicsEnvironment"/>
    <property name="surefire.real.class.path" value="/Users/mlokare/eclipse-workspace/MyTheresaPOM/target/surefire/surefirebooter4864189681261314712.jar"/>
    <property name="jdk.net.URLClassPath.disableClassPathURLCheck" value="true"/>
    <property name="sun.boot.class.path" value="/Library/Java/JavaVirtualMachines/jdk1.8.0_291.jdk/Contents/Home/jre/lib/resources.jar:/Library/Java/JavaVirtualMachines/jdk1.8.0_291.jdk/Contents/Home/jre/lib/rt.jar:/Library/Java/JavaVirtualMachines/jdk1.8.0_291.jdk/Contents/Home/jre/lib/sunrsasign.jar:/Library/Java/JavaVirtualMachines/jdk1.8.0_291.jdk/Contents/Home/jre/lib/jsse.jar:/Library/Java/JavaVirtualMachines/jdk1.8.0_291.jdk/Contents/Home/jre/lib/jce.jar:/Library/Java/JavaVirtualMachines/jdk1.8.0_291.jdk/Contents/Home/jre/lib/charsets.jar:/Library/Java/JavaVirtualMachines/jdk1.8.0_291.jdk/Contents/Home/jre/lib/jfr.jar:/Library/Java/JavaVirtualMachines/jdk1.8.0_291.jdk/Contents/Home/jre/classes"/>
    <property name="sun.management.compiler" value="HotSpot 64-Bit Tiered Compilers"/>
    <property name="ftp.nonProxyHosts" value="local|*.local|169.254/16|*.169.254/16"/>
    <property name="java.runtime.version" value="1.8.0_291-b10"/>
    <property name="user.name" value="mlokare"/>
    <property name="path.separator" value=":"/>
    <property name="os.version" value="10.16"/>
    <property name="java.endorsed.dirs" value="/Library/Java/JavaVirtualMachines/jdk1.8.0_291.jdk/Contents/Home/jre/lib/endorsed"/>
    <property name="java.runtime.name" value="Java(TM) SE Runtime Environment"/>
    <property name="file.encoding" value="UTF-8"/>
    <property name="java.vm.name" value="Java HotSpot(TM) 64-Bit Server VM"/>
    <property name="localRepository" value="/Users/mlokare/.m2/repository"/>
    <property name="java.vendor.url.bug" value="http://bugreport.sun.com/bugreport/"/>
    <property name="java.io.tmpdir" value="/var/folders/0d/nltcyhds4t99c9fktvddhg040000gp/T/"/>
    <property name="java.version" value="1.8.0_291"/>
    <property name="user.dir" value="/Users/mlokare/eclipse-workspace/MyTheresaPOM"/>
    <property name="os.arch" value="x86_64"/>
    <property name="java.vm.specification.name" value="Java Virtual Machine Specification"/>
    <property name="java.awt.printerjob" value="sun.lwawt.macosx.CPrinterJob"/>
    <property name="sun.os.patch.level" value="unknown"/>
    <property name="environment" value="prod"/>
    <property name="java.library.path" value="/Users/mlokare/Library/Java/Extensions:/Library/Java/Extensions:/Network/Library/Java/Extensions:/System/Library/Java/Extensions:/usr/lib/java:."/>
    <property name="java.vm.info" value="mixed mode"/>
    <property name="java.vendor" value="Oracle Corporation"/>
    <property name="java.vm.version" value="25.291-b10"/>
    <property name="java.ext.dirs" value="/Users/mlokare/Library/Java/Extensions:/Library/Java/JavaVirtualMachines/jdk1.8.0_291.jdk/Contents/Home/jre/lib/ext:/Library/Java/Extensions:/Network/Library/Java/Extensions:/System/Library/Java/Extensions:/usr/lib/java"/>
    <property name="sun.io.unicode.encoding" value="UnicodeBig"/>
    <property name="env.USER" value="prod"/>
    <property name="java.class.version" value="52.0"/>
    <property name="socksNonProxyHosts" value="local|*.local|169.254/16|*.169.254/16"/>
  </properties>
  <testcase name="login" classname="com.qa.mytheresa.tests.HomePageTest" time="14.406">
    <system-out><![CDATA[Enviornment is prod
URL is https://www.mytheresa.com/en-de/men.html
Browser name is firefox
]]></system-out>
  </testcase>
  <testcase name="verifyBrokenLinks" classname="com.qa.mytheresa.tests.HomePageTest" time="30.013">
    <failure message="Error {&#10;  message=&apos;Timeout 30000ms exceeded.&#10;=========================== logs ===========================&#10;  waiting for frame &quot;#privacy-iframe&quot;&#10;============================================================&#10;  name=&apos;TimeoutError&#10;  stack=&apos;TimeoutError: Timeout 30000ms exceeded.&#10;=========================== logs ===========================&#10;  waiting for frame &quot;#privacy-iframe&quot;&#10;============================================================&#10;    at ProgressController.run (/private/var/folders/0d/nltcyhds4t99c9fktvddhg040000gp/T/playwright-java-4325551203714878608/package/lib/server/progress.js:96:26)&#10;    at Frame.click (/private/var/folders/0d/nltcyhds4t99c9fktvddhg040000gp/T/playwright-java-4325551203714878608/package/lib/server/frames.js:1158:23)&#10;    at FrameDispatcher.click (/private/var/folders/0d/nltcyhds4t99c9fktvddhg040000gp/T/playwright-java-4325551203714878608/package/lib/server/dispatchers/frameDispatcher.js:173:30)&#10;    at DispatcherConnection.dispatch (/private/var/folders/0d/nltcyhds4t99c9fktvddhg040000gp/T/playwright-java-4325551203714878608/package/lib/server/dispatchers/dispatcher.js:352:46)&#10;}" type="com.microsoft.playwright.TimeoutError"><![CDATA[com.microsoft.playwright.TimeoutError: 
Error {
  message='Timeout 30000ms exceeded.
=========================== logs ===========================
  waiting for frame "#privacy-iframe"
============================================================
  name='TimeoutError
  stack='TimeoutError: Timeout 30000ms exceeded.
=========================== logs ===========================
  waiting for frame "#privacy-iframe"
============================================================
    at ProgressController.run (/private/var/folders/0d/nltcyhds4t99c9fktvddhg040000gp/T/playwright-java-4325551203714878608/package/lib/server/progress.js:96:26)
    at Frame.click (/private/var/folders/0d/nltcyhds4t99c9fktvddhg040000gp/T/playwright-java-4325551203714878608/package/lib/server/frames.js:1158:23)
    at FrameDispatcher.click (/private/var/folders/0d/nltcyhds4t99c9fktvddhg040000gp/T/playwright-java-4325551203714878608/package/lib/server/dispatchers/frameDispatcher.js:173:30)
    at DispatcherConnection.dispatch (/private/var/folders/0d/nltcyhds4t99c9fktvddhg040000gp/T/playwright-java-4325551203714878608/package/lib/server/dispatchers/dispatcher.js:352:46)
}
	at com.qa.mytheresa.tests.HomePageTest.verifyBrokenLinks(HomePageTest.java:23)
Caused by: com.microsoft.playwright.TimeoutError: 
Error {
  message='Timeout 30000ms exceeded.
=========================== logs ===========================
  waiting for frame "#privacy-iframe"
============================================================
  name='TimeoutError
  stack='TimeoutError: Timeout 30000ms exceeded.
=========================== logs ===========================
  waiting for frame "#privacy-iframe"
============================================================
    at ProgressController.run (/private/var/folders/0d/nltcyhds4t99c9fktvddhg040000gp/T/playwright-java-4325551203714878608/package/lib/server/progress.js:96:26)
    at Frame.click (/private/var/folders/0d/nltcyhds4t99c9fktvddhg040000gp/T/playwright-java-4325551203714878608/package/lib/server/frames.js:1158:23)
    at FrameDispatcher.click (/private/var/folders/0d/nltcyhds4t99c9fktvddhg040000gp/T/playwright-java-4325551203714878608/package/lib/server/dispatchers/frameDispatcher.js:173:30)
    at DispatcherConnection.dispatch (/private/var/folders/0d/nltcyhds4t99c9fktvddhg040000gp/T/playwright-java-4325551203714878608/package/lib/server/dispatchers/dispatcher.js:352:46)
}
	at com.qa.mytheresa.tests.HomePageTest.verifyBrokenLinks(HomePageTest.java:23)
]]></failure>
  </testcase>
</testsuite>