<?xml version="1.0" encoding="UTF-8"?>
<!-- Generated by org.testng.reporters.JUnitReportReporter -->
<testsuite skipped="0" hostname="Mlokare-Mpro15.box" name="com.qa.mytheres.tests.base.MyTestRunner" tests="1" failures="0" timestamp="18 Jul 2022 21:45:10 GMT" time="21.462" errors="0">
  <testcase name="runScenario" time="21.462" classname="com.qa.mytheres.tests.base.MyTestRunner"/>
</testsuite> <!-- com.qa.mytheres.tests.base.MyTestRunner -->
