<?xml version="1.0" encoding="UTF-8"?>
<!-- Generated by org.testng.reporters.JUnitReportReporter -->
<testsuite skipped="1" hostname="Mlokare-Mpro15.box" name="com.qa.mytheresa.tests.HomePageTest" tests="3" failures="0" timestamp="19 Jul 2022 22:55:18 GMT" time="25.400" errors="0">
  <testcase name="btest" time="6.454" classname="com.qa.mytheresa.tests.HomePageTest"/>
  <testcase name="login" time="18.946" classname="com.qa.mytheresa.tests.HomePageTest"/>
  <testcase name="verifyBrokenLinks" classname="com.qa.mytheresa.tests.HomePageTest">
    <skipped/>
  </testcase> <!-- verifyBrokenLinks -->
</testsuite> <!-- com.qa.mytheresa.tests.HomePageTest -->
