<?xml version="1.0" encoding="UTF-8"?>
<!-- Generated by org.testng.reporters.JUnitReportReporter -->
<testsuite skipped="0" hostname="Mlokare-Mpro15.box" name="com.qa.mytheresa.tests.HomePageTest" tests="2" failures="0" timestamp="19 Jul 2022 22:10:25 GMT" time="44.416" errors="1">
  <testcase name="verifyBrokenLinks" time="30.010" classname="com.qa.mytheresa.tests.HomePageTest">
    <error type="com.microsoft.playwright.TimeoutError" message="Error {
  message=&#039;Timeout 30000ms exceeded.
=========================== logs ===========================
  waiting for frame &quot;#privacy-iframe&quot;
============================================================
  name=&#039;TimeoutError
  stack=&#039;TimeoutError: Timeout 30000ms exceeded.
=========================== logs ===========================
  waiting for frame &quot;#privacy-iframe&quot;
============================================================
    at ProgressController.run (/private/var/folders/0d/nltcyhds4t99c9fktvddhg040000gp/T/playwright-java-4325551203714878608/package/lib/server/progress.js:96:26)
    at Frame.click (/private/var/folders/0d/nltcyhds4t99c9fktvddhg040000gp/T/playwright-java-4325551203714878608/package/lib/server/frames.js:1158:23)
    at FrameDispatcher.click (/private/var/folders/0d/nltcyhds4t99c9fktvddhg040000gp/T/playwright-java-4325551203714878608/package/lib/server/dispatchers/frameDispatcher.js:173:30)
    at DispatcherConnection.dispatch (/private/var/folders/0d/nltcyhds4t99c9fktvddhg040000gp/T/playwright-java-4325551203714878608/package/lib/server/dispatchers/dispatcher.js:352:46)
}">
      <![CDATA[com.microsoft.playwright.TimeoutError: Error {
  message='Timeout 30000ms exceeded.
=========================== logs ===========================
  waiting for frame "#privacy-iframe"
============================================================
  name='TimeoutError
  stack='TimeoutError: Timeout 30000ms exceeded.
=========================== logs ===========================
  waiting for frame "#privacy-iframe"
============================================================
    at ProgressController.run (/private/var/folders/0d/nltcyhds4t99c9fktvddhg040000gp/T/playwright-java-4325551203714878608/package/lib/server/progress.js:96:26)
    at Frame.click (/private/var/folders/0d/nltcyhds4t99c9fktvddhg040000gp/T/playwright-java-4325551203714878608/package/lib/server/frames.js:1158:23)
    at FrameDispatcher.click (/private/var/folders/0d/nltcyhds4t99c9fktvddhg040000gp/T/playwright-java-4325551203714878608/package/lib/server/dispatchers/frameDispatcher.js:173:30)
    at DispatcherConnection.dispatch (/private/var/folders/0d/nltcyhds4t99c9fktvddhg040000gp/T/playwright-java-4325551203714878608/package/lib/server/dispatchers/dispatcher.js:352:46)
}
at com.microsoft.playwright.impl.WaitableResult.get(WaitableResult.java:52)
at com.microsoft.playwright.impl.ChannelOwner.runUntil(ChannelOwner.java:103)
at com.microsoft.playwright.impl.Connection.sendMessage(Connection.java:106)
at com.microsoft.playwright.impl.ChannelOwner.sendMessage(ChannelOwner.java:94)
at com.microsoft.playwright.impl.FrameImpl.clickImpl(FrameImpl.java:255)
at com.microsoft.playwright.impl.FrameImpl.lambda$click$9(FrameImpl.java:246)
at com.microsoft.playwright.impl.LoggingSupport.lambda$withLogging$0(LoggingSupport.java:36)
at com.microsoft.playwright.impl.LoggingSupport.withLogging(LoggingSupport.java:47)
at com.microsoft.playwright.impl.ChannelOwner.withLogging(ChannelOwner.java:79)
at com.microsoft.playwright.impl.LoggingSupport.withLogging(LoggingSupport.java:35)
at com.microsoft.playwright.impl.FrameImpl.click(FrameImpl.java:246)
at com.microsoft.playwright.impl.LocatorImpl.click(LocatorImpl.java:132)
at com.microsoft.playwright.Locator.click(Locator.java:1731)
at com.qa.mytheresa.pages.HomePage.acceptCookies(HomePage.java:30)
at com.qa.mytheresa.tests.HomePageTest.verifyBrokenLinks(HomePageTest.java:23)
at sun.reflect.NativeMethodAccessorImpl.invoke0(Native Method)
at sun.reflect.NativeMethodAccessorImpl.invoke(NativeMethodAccessorImpl.java:62)
at sun.reflect.DelegatingMethodAccessorImpl.invoke(DelegatingMethodAccessorImpl.java:43)
at java.lang.reflect.Method.invoke(Method.java:498)
at org.testng.internal.MethodInvocationHelper.invokeMethod(MethodInvocationHelper.java:124)
at org.testng.internal.Invoker.invokeMethod(Invoker.java:583)
at org.testng.internal.Invoker.invokeTestMethod(Invoker.java:719)
at org.testng.internal.Invoker.invokeTestMethods(Invoker.java:989)
at org.testng.internal.TestMethodWorker.invokeTestMethods(TestMethodWorker.java:125)
at org.testng.internal.TestMethodWorker.run(TestMethodWorker.java:109)
at org.testng.TestRunner.privateRun(TestRunner.java:648)
at org.testng.TestRunner.run(TestRunner.java:505)
at org.testng.SuiteRunner.runTest(SuiteRunner.java:455)
at org.testng.SuiteRunner.access$000(SuiteRunner.java:40)
at org.testng.SuiteRunner$SuiteWorker.run(SuiteRunner.java:489)
at org.testng.internal.thread.ThreadUtil$1.call(ThreadUtil.java:52)
at java.util.concurrent.FutureTask.run(FutureTask.java:266)
at java.util.concurrent.ThreadPoolExecutor.runWorker(ThreadPoolExecutor.java:1149)
at java.util.concurrent.ThreadPoolExecutor$Worker.run(ThreadPoolExecutor.java:624)
at java.lang.Thread.run(Thread.java:748)
Caused by: com.microsoft.playwright.TimeoutError: Error {
  message='Timeout 30000ms exceeded.
=========================== logs ===========================
  waiting for frame "#privacy-iframe"
============================================================
  name='TimeoutError
  stack='TimeoutError: Timeout 30000ms exceeded.
=========================== logs ===========================
  waiting for frame "#privacy-iframe"
============================================================
    at ProgressController.run (/private/var/folders/0d/nltcyhds4t99c9fktvddhg040000gp/T/playwright-java-4325551203714878608/package/lib/server/progress.js:96:26)
    at Frame.click (/private/var/folders/0d/nltcyhds4t99c9fktvddhg040000gp/T/playwright-java-4325551203714878608/package/lib/server/frames.js:1158:23)
    at FrameDispatcher.click (/private/var/folders/0d/nltcyhds4t99c9fktvddhg040000gp/T/playwright-java-4325551203714878608/package/lib/server/dispatchers/frameDispatcher.js:173:30)
    at DispatcherConnection.dispatch (/private/var/folders/0d/nltcyhds4t99c9fktvddhg040000gp/T/playwright-java-4325551203714878608/package/lib/server/dispatchers/dispatcher.js:352:46)
}
at com.microsoft.playwright.impl.Connection.dispatch(Connection.java:186)
at com.microsoft.playwright.impl.Connection.processOneMessage(Connection.java:168)
at com.microsoft.playwright.impl.ChannelOwner.runUntil(ChannelOwner.java:101)
... 33 more
]]>
    </error>
  </testcase> <!-- verifyBrokenLinks -->
  <testcase name="login" time="14.406" classname="com.qa.mytheresa.tests.HomePageTest"/>
</testsuite> <!-- com.qa.mytheresa.tests.HomePageTest -->
